<?xml version="1.0" encoding="UTF-8"?>
<testsuite xmlns:xsi="http://www.w3.org/2001/XMLSchema-instance" xsi:noNamespaceSchemaLocation="https://maven.apache.org/surefire/maven-surefire-plugin/xsd/surefire-test-report.xsd" name="FromPersonalToConstructorTest" time="2.541" tests="4" errors="4" skipped="0" failures="0">
  <properties>
[...]
</properties>
  <testcase name="transitionToConstructorFromLk[0]" classname="FromPersonalToConstructorTest" time="1.067">
    <error message="Could not start a new session. Response code 500. Message: session not created: This version of ChromeDriver only supports Chrome version 114&#10;Current browser version is 123.0.6312.86 with binary path C:\Program Files\Google\Chrome\Application\chrome.exe &#10;Host info: host: &apos;KOLDYPC&apos;, ip: &apos;192.168.1.34&apos;&#10;Build info: version: &apos;4.9.1&apos;, revision: &apos;eb2032df7f&apos;&#10;System info: os.name: &apos;Windows 11&apos;, os.arch: &apos;amd64&apos;, os.version: &apos;10.0&apos;, java.version: &apos;11.0.21&apos;&#10;Driver info: org.openqa.selenium.chrome.ChromeDriver&#10;Command: [null, newSession {capabilities=[Capabilities {browserName: chrome, goog:chromeOptions: {args: [--remote-allow-origins=*], extensions: []}}]}]" type="org.openqa.selenium.SessionNotCreatedException">org.openqa.selenium.SessionNotCreatedException: 
Could not start a new session. Response code 500. Message: session not created: This version of ChromeDriver only supports Chrome version 114
Current browser version is 123.0.6312.86 with binary path C:\Program Files\Google\Chrome\Application\chrome.exe 
Host info: host: 'KOLDYPC', ip: '192.168.1.34'
Build info: version: '4.9.1', revision: 'eb2032df7f'
System info: os.name: 'Windows 11', os.arch: 'amd64', os.version: '10.0', java.version: '11.0.21'
Driver info: org.openqa.selenium.chrome.ChromeDriver
Command: [null, newSession {capabilities=[Capabilities {browserName: chrome, goog:chromeOptions: {args: [--remote-allow-origins=*], extensions: []}}]}]
</error>
    <system-out><![CDATA[13:36:08.896 [AsyncHttpClient-1-5] DEBUG org.asynchttpclient.netty.channel.NettyConnectListener -- Using new Channel '[id: 0x1a3619d0, L:/127.0.0.1:55899 - R:localhost/127.0.0.1:40506]' for 'POST' to '/session'
13:36:09.290 [AsyncHttpClient-1-1] DEBUG org.asynchttpclient.netty.channel.DefaultChannelPool -- Entry count for : http://localhost:21906 : 1
13:36:09.290 [AsyncHttpClient-1-1] DEBUG org.asynchttpclient.netty.channel.DefaultChannelPool -- Adding Candidate expired Channel [id: 0x5a08b432, L:/127.0.0.1:55890 ! R:localhost/127.0.0.1:21906] isIdleTimeoutExpired=false isRemotelyClosed=true isTtlExpired=false
13:36:09.290 [AsyncHttpClient-1-1] DEBUG org.asynchttpclient.netty.channel.DefaultChannelPool -- Closing Idle Channel [id: 0x5a08b432, L:/127.0.0.1:55890 ! R:localhost/127.0.0.1:21906]
13:36:09.290 [AsyncHttpClient-1-1] DEBUG org.asynchttpclient.netty.channel.DefaultChannelPool -- Closed 1 connections out of 1 in 0 ms
13:36:09.861 [AsyncHttpClient-1-5] DEBUG org.asynchttpclient.netty.handler.HttpHandler -- 

Request DefaultHttpRequest(decodeResult: success, version: HTTP/1.1)
POST /session HTTP/1.1
User-Agent: selenium/4.9.1 (java windows)
Content-Length: 254
Content-Type: application/json; charset=utf-8
host: localhost:40506
accept: */*

Response DefaultHttpResponse(decodeResult: success, version: HTTP/1.1)
HTTP/1.1 500 Internal Server Error
Content-Length: 1001
Content-Type: application/json; charset=utf-8
cache-control: no-cache

13:36:09.862 [AsyncHttpClient-1-5] DEBUG org.asynchttpclient.netty.channel.ChannelManager -- Adding key: http://localhost:40506 for channel [id: 0x1a3619d0, L:/127.0.0.1:55899 - R:localhost/127.0.0.1:40506]
13:36:09.865 [AsyncHttpClient-1-5] DEBUG org.asynchttpclient.netty.handler.HttpHandler -- Channel Closed: [id: 0x1a3619d0, L:/127.0.0.1:55899 ! R:localhost/127.0.0.1:40506] with attribute DISCARD
]]></system-out>
    <system-err><![CDATA[Starting ChromeDriver 114.0.5735.90 (386bc09e8f4f2e025eddae123f36f6263096ae49-refs/branch-heads/5735@{#1052}) on port 40506
Only local connections are allowed.
Please see https://chromedriver.chromium.org/security-considerations for suggestions on keeping ChromeDriver safe.
ChromeDriver was started successfully.
]]></system-err>
  </testcase>
  <testcase name="transitionToConstructorFromLk[0]" classname="FromPersonalToConstructorTest" time="1.067">
    <error type="java.lang.NullPointerException">java.lang.NullPointerException
</error>
  </testcase>
  <testcase name="transitionToConstructorFromLk[1]" classname="FromPersonalToConstructorTest" time="1.47">
    <error message="Could not start a new session. Response code 500. Message: session not created: This version of ChromeDriver only supports Chrome version 114&#10;Current browser version is 123.0.6312.86 with binary path C:\Program Files\Google\Chrome\Application\chrome.exe &#10;Host info: host: &apos;KOLDYPC&apos;, ip: &apos;192.168.1.34&apos;&#10;Build info: version: &apos;4.9.1&apos;, revision: &apos;eb2032df7f&apos;&#10;System info: os.name: &apos;Windows 11&apos;, os.arch: &apos;amd64&apos;, os.version: &apos;10.0&apos;, java.version: &apos;11.0.21&apos;&#10;Driver info: org.openqa.selenium.chrome.ChromeDriver&#10;Command: [null, newSession {capabilities=[Capabilities {browserName: chrome, goog:chromeOptions: {args: [--remote-allow-origins=*], extensions: []}}]}]" type="org.openqa.selenium.SessionNotCreatedException">org.openqa.selenium.SessionNotCreatedException: 
Could not start a new session. Response code 500. Message: session not created: This version of ChromeDriver only supports Chrome version 114
Current browser version is 123.0.6312.86 with binary path C:\Program Files\Google\Chrome\Application\chrome.exe 
Host info: host: 'KOLDYPC', ip: '192.168.1.34'
Build info: version: '4.9.1', revision: 'eb2032df7f'
System info: os.name: 'Windows 11', os.arch: 'amd64', os.version: '10.0', java.version: '11.0.21'
Driver info: org.openqa.selenium.chrome.ChromeDriver
Command: [null, newSession {capabilities=[Capabilities {browserName: chrome, goog:chromeOptions: {args: [--remote-allow-origins=*], extensions: []}}]}]
</error>
    <system-out><![CDATA[13:36:09.973 [AsyncHttpClient-1-6] DEBUG org.asynchttpclient.netty.channel.NettyConnectListener -- Using new Channel '[id: 0x2aefe52d, L:/127.0.0.1:55908 - R:localhost/127.0.0.1:35132]' for 'POST' to '/session'
13:36:10.378 [AsyncHttpClient-1-1] DEBUG org.asynchttpclient.netty.channel.DefaultChannelPool -- Entry count for : http://localhost:40506 : 1
13:36:10.378 [AsyncHttpClient-1-1] DEBUG org.asynchttpclient.netty.channel.DefaultChannelPool -- Adding Candidate expired Channel [id: 0x1a3619d0, L:/127.0.0.1:55899 ! R:localhost/127.0.0.1:40506] isIdleTimeoutExpired=false isRemotelyClosed=true isTtlExpired=false
13:36:10.378 [AsyncHttpClient-1-1] DEBUG org.asynchttpclient.netty.channel.DefaultChannelPool -- Closing Idle Channel [id: 0x1a3619d0, L:/127.0.0.1:55899 ! R:localhost/127.0.0.1:40506]
13:36:10.378 [AsyncHttpClient-1-1] DEBUG org.asynchttpclient.netty.channel.DefaultChannelPool -- Closed 1 connections out of 1 in 0 ms
13:36:11.345 [AsyncHttpClient-1-6] DEBUG org.asynchttpclient.netty.handler.HttpHandler -- 

Request DefaultHttpRequest(decodeResult: success, version: HTTP/1.1)
POST /session HTTP/1.1
User-Agent: selenium/4.9.1 (java windows)
Content-Length: 254
Content-Type: application/json; charset=utf-8
host: localhost:35132
accept: */*

Response DefaultHttpResponse(decodeResult: success, version: HTTP/1.1)
HTTP/1.1 500 Internal Server Error
Content-Length: 1001
Content-Type: application/json; charset=utf-8
cache-control: no-cache

13:36:11.346 [AsyncHttpClient-1-6] DEBUG org.asynchttpclient.netty.channel.ChannelManager -- Adding key: http://localhost:35132 for channel [id: 0x2aefe52d, L:/127.0.0.1:55908 - R:localhost/127.0.0.1:35132]
13:36:11.348 [AsyncHttpClient-1-6] DEBUG org.asynchttpclient.netty.handler.HttpHandler -- Channel Closed: [id: 0x2aefe52d, L:/127.0.0.1:55908 ! R:localhost/127.0.0.1:35132] with attribute DISCARD
]]></system-out>
    <system-err><![CDATA[Starting ChromeDriver 114.0.5735.90 (386bc09e8f4f2e025eddae123f36f6263096ae49-refs/branch-heads/5735@{#1052}) on port 35132
Only local connections are allowed.
Please see https://chromedriver.chromium.org/security-considerations for suggestions on keeping ChromeDriver safe.
ChromeDriver was started successfully.
]]></system-err>
  </testcase>
  <testcase name="transitionToConstructorFromLk[1]" classname="FromPersonalToConstructorTest" time="1.47">
    <error type="java.lang.NullPointerException">java.lang.NullPointerException
</error>
  </testcase>
</testsuite>